android/app/build/intermediates/manifest_merge_blame_file/debug/manifest-merger-blame-debug-report.txt
1<?xml version="1.0" encoding="utf-8"?>
2<manifest xmlns:android="http://schemas.android.com/apk/res/android"
3    package="com.thentr"
4    android:versionCode="1"
5    android:versionName="2.2.1" >
6
7    <uses-sdk
8        android:minSdkVersion="21"
9        android:targetSdkVersion="30" />
10
11    <uses-permission android:name="android.permission.SYSTEM_ALERT_WINDOW" />
11-->src\debug\AndroidManifest.xml:5:5-77
11-->src\debug\AndroidManifest.xml:5:22-75
12    <uses-permission android:name="android.permission.INTERNET" />
12-->src\main\AndroidManifest.xml:4:5-67
12-->src\main\AndroidManifest.xml:4:22-64
13    <uses-permission android:name="android.permission.CAMERA" />
13-->src\main\AndroidManifest.xml:5:1-60
13-->src\main\AndroidManifest.xml:5:18-58
14    <uses-permission android:name="android.permission.ACCESS_COARSE_LOCATION" />
14-->src\main\AndroidManifest.xml:6:1-76
14-->src\main\AndroidManifest.xml:6:18-74
15    <uses-permission android:name="android.permission.ACCESS_FINE_LOCATION" />
15-->src\main\AndroidManifest.xml:7:1-74
15-->src\main\AndroidManifest.xml:7:18-72
16    <uses-permission android:name="android.permission.READ_EXTERNAL_STORAGE" />
16-->src\main\AndroidManifest.xml:8:2-77
16-->src\main\AndroidManifest.xml:8:19-74
17    <uses-permission android:name="android.permission.WRITE_EXTERNAL_STORAGE" />
17-->src\main\AndroidManifest.xml:9:3-79
17-->src\main\AndroidManifest.xml:9:20-76
18    <uses-permission android:name="android.permission.ACCESS_WIFI_STATE" />
18-->[com.facebook.flipper:flipper:0.99.0] AndroidManifest.xml:16:5-76
18-->[com.facebook.flipper:flipper:0.99.0] AndroidManifest.xml:16:22-73
19
20    <queries>
20-->[:react-native-image-crop-picker] AndroidManifest.xml:9:5-13:15
21        <intent>
21-->[:react-native-image-crop-picker] AndroidManifest.xml:10:9-12:18
22            <action android:name="android.media.action.IMAGE_CAPTURE" />
22-->[:react-native-image-crop-picker] AndroidManifest.xml:11:13-73
22-->[:react-native-image-crop-picker] AndroidManifest.xml:11:21-70
23        </intent>
24    </queries> <!-- Required to access Google Play Licensing -->
25    <uses-permission android:name="com.android.vending.CHECK_LICENSE" />
25-->[:rn-fetch-blob] AndroidManifest.xml:10:5-73
25-->[:rn-fetch-blob] AndroidManifest.xml:10:22-70
26    <!--
27         Required to keep CPU alive while downloading files
28        (NOT to keep screen awake)
29    -->
30    <uses-permission android:name="android.permission.WAKE_LOCK" />
30-->[:rn-fetch-blob] AndroidManifest.xml:19:5-68
30-->[:rn-fetch-blob] AndroidManifest.xml:19:22-65
31    <!--
32         Required to poll the state of the network connection
33        and respond to changes
34    -->
35    <uses-permission android:name="android.permission.ACCESS_NETWORK_STATE" />
35-->[:rn-fetch-blob] AndroidManifest.xml:25:5-79
35-->[:rn-fetch-blob] AndroidManifest.xml:25:22-76
36    <uses-permission android:name="android.permission.RECEIVE_BOOT_COMPLETED" />
36-->[androidx.work:work-runtime:2.5.0] AndroidManifest.xml:27:5-81
36-->[androidx.work:work-runtime:2.5.0] AndroidManifest.xml:27:22-78
37    <uses-permission android:name="android.permission.FOREGROUND_SERVICE" />
37-->[androidx.work:work-runtime:2.5.0] AndroidManifest.xml:28:5-77
37-->[androidx.work:work-runtime:2.5.0] AndroidManifest.xml:28:22-74
38
39    <uses-feature
39-->[com.google.android.gms:play-services-maps:17.0.0] AndroidManifest.xml:26:5-28:35
40        android:glEsVersion="0x00020000"
40-->[com.google.android.gms:play-services-maps:17.0.0] AndroidManifest.xml:27:9-41
41        android:required="true" />
41-->[com.google.android.gms:play-services-maps:17.0.0] AndroidManifest.xml:28:9-32
42
43    <application
43-->src\main\AndroidManifest.xml:10:5-32:19
44        android:name="com.thentr.MainApplication"
44-->src\main\AndroidManifest.xml:11:7-38
45        android:allowBackup="false"
45-->src\main\AndroidManifest.xml:15:7-34
46        android:appComponentFactory="androidx.core.app.CoreComponentFactory"
46-->[androidx.core:core:1.6.0] AndroidManifest.xml:24:18-86
47        android:debuggable="true"
48        android:icon="@mipmap/ic_launcher"
48-->src\main\AndroidManifest.xml:13:7-41
49        android:label="@string/app_name"
49-->src\main\AndroidManifest.xml:12:7-39
50        android:roundIcon="@mipmap/ic_launcher_round"
50-->src\main\AndroidManifest.xml:14:7-52
51        android:theme="@style/AppTheme"
51-->src\main\AndroidManifest.xml:16:7-38
52        android:usesCleartextTraffic="true" >
52-->src\debug\AndroidManifest.xml:8:9-44
53        <activity android:name="com.facebook.react.devsupport.DevSettingsActivity" />
53-->src\debug\AndroidManifest.xml:11:9-86
53-->src\debug\AndroidManifest.xml:11:19-83
54        <activity
54-->src\main\AndroidManifest.xml:17:7-27:18
55            android:name="com.thentr.MainActivity"
55-->src\main\AndroidManifest.xml:18:9-37
56            android:configChanges="keyboard|keyboardHidden|orientation|screenSize|uiMode"
56-->src\main\AndroidManifest.xml:20:9-86
57            android:label="@string/app_name"
57-->src\main\AndroidManifest.xml:19:9-41
58            android:launchMode="singleTask"
58-->src\main\AndroidManifest.xml:21:9-40
59            android:windowSoftInputMode="adjustResize" >
59-->src\main\AndroidManifest.xml:22:9-51
60            <intent-filter>
60-->src\main\AndroidManifest.xml:23:9-26:25
61                <action android:name="android.intent.action.MAIN" />
61-->src\main\AndroidManifest.xml:24:13-65
61-->src\main\AndroidManifest.xml:24:21-62
62
63                <category android:name="android.intent.category.LAUNCHER" />
63-->src\main\AndroidManifest.xml:25:13-73
63-->src\main\AndroidManifest.xml:25:23-70
64            </intent-filter>
65        </activity>
66
67        <meta-data
67-->src\main\AndroidManifest.xml:28:8-30:63
68            android:name="com.google.android.geo.API_KEY"
68-->src\main\AndroidManifest.xml:29:6-51
69            android:value="AIzaSyDEBtI_8mzgSRhW1JQThqFK_M5-O98MW6o" />
69-->src\main\AndroidManifest.xml:30:6-61
70
71        <uses-library
71-->src\main\AndroidManifest.xml:31:4-82
72            android:name="org.apache.http.legacy"
72-->src\main\AndroidManifest.xml:31:18-55
73            android:required="false" />
73-->src\main\AndroidManifest.xml:31:56-80
74
75        <meta-data
75-->[:react-native-firebase_app] AndroidManifest.xml:10:9-12:36
76            android:name="app_data_collection_default_enabled"
76-->[:react-native-firebase_app] AndroidManifest.xml:11:13-63
77            android:value="true" />
77-->[:react-native-firebase_app] AndroidManifest.xml:12:13-33
78
79        <service
79-->[:react-native-firebase_app] AndroidManifest.xml:14:9-18:19
80            android:name="com.google.firebase.components.ComponentDiscoveryService"
80-->[:react-native-firebase_app] AndroidManifest.xml:14:18-89
81            android:directBootAware="true"
81-->[com.google.firebase:firebase-common:20.0.0] AndroidManifest.xml:35:13-43
82            android:exported="false" >
82-->[com.google.firebase:firebase-config:21.0.1] AndroidManifest.xml:31:13-37
83            <meta-data
83-->[:react-native-firebase_app] AndroidManifest.xml:15:13-17:85
84                android:name="com.google.firebase.components:io.invertase.firebase.app.ReactNativeFirebaseAppRegistrar"
84-->[:react-native-firebase_app] AndroidManifest.xml:16:17-120
85                android:value="com.google.firebase.components.ComponentRegistrar" />
85-->[:react-native-firebase_app] AndroidManifest.xml:17:17-82
86            <meta-data
86-->[com.google.firebase:firebase-config:21.0.1] AndroidManifest.xml:32:13-34:85
87                android:name="com.google.firebase.components:com.google.firebase.remoteconfig.RemoteConfigRegistrar"
87-->[com.google.firebase:firebase-config:21.0.1] AndroidManifest.xml:33:17-117
88                android:value="com.google.firebase.components.ComponentRegistrar" />
88-->[com.google.firebase:firebase-config:21.0.1] AndroidManifest.xml:34:17-82
89            <meta-data
89-->[com.google.firebase:firebase-abt:21.0.0] AndroidManifest.xml:13:13-15:85
90                android:name="com.google.firebase.components:com.google.firebase.abt.component.AbtRegistrar"
90-->[com.google.firebase:firebase-abt:21.0.0] AndroidManifest.xml:14:17-109
91                android:value="com.google.firebase.components.ComponentRegistrar" />
91-->[com.google.firebase:firebase-abt:21.0.0] AndroidManifest.xml:15:17-82
92            <meta-data
92-->[com.google.firebase:firebase-installations:17.0.0] AndroidManifest.xml:18:13-20:85
93                android:name="com.google.firebase.components:com.google.firebase.installations.FirebaseInstallationsRegistrar"
93-->[com.google.firebase:firebase-installations:17.0.0] AndroidManifest.xml:19:17-127
94                android:value="com.google.firebase.components.ComponentRegistrar" />
94-->[com.google.firebase:firebase-installations:17.0.0] AndroidManifest.xml:20:17-82
95        </service>
96
97        <provider
97-->[:react-native-firebase_app] AndroidManifest.xml:20:9-24:38
98            android:name="io.invertase.firebase.app.ReactNativeFirebaseAppInitProvider"
98-->[:react-native-firebase_app] AndroidManifest.xml:21:13-88
99            android:authorities="com.thentr.reactnativefirebaseappinitprovider"
99-->[:react-native-firebase_app] AndroidManifest.xml:22:13-86
100            android:exported="false"
100-->[:react-native-firebase_app] AndroidManifest.xml:23:13-37
101            android:initOrder="99" />
101-->[:react-native-firebase_app] AndroidManifest.xml:24:13-35
102        <provider
102-->[:react-native-image-crop-picker] AndroidManifest.xml:18:9-26:20
103            android:name="androidx.core.content.FileProvider"
103-->[:react-native-image-crop-picker] AndroidManifest.xml:19:13-62
104            android:authorities="com.thentr.provider"
104-->[:react-native-image-crop-picker] AndroidManifest.xml:20:13-60
105            android:exported="false"
105-->[:react-native-image-crop-picker] AndroidManifest.xml:21:13-37
106            android:grantUriPermissions="true" >
106-->[:react-native-image-crop-picker] AndroidManifest.xml:22:13-47
107            <meta-data
107-->[:react-native-image-crop-picker] AndroidManifest.xml:23:13-25:58
108                android:name="android.support.FILE_PROVIDER_PATHS"
108-->[:react-native-image-crop-picker] AndroidManifest.xml:24:17-67
109                android:resource="@xml/provider_paths" />
109-->[:react-native-image-crop-picker] AndroidManifest.xml:25:17-55
110        </provider>
111
112        <activity
112-->[:react-native-image-crop-picker] AndroidManifest.xml:28:9-30:72
113            android:name="com.yalantis.ucrop.UCropActivity"
113-->[:react-native-image-crop-picker] AndroidManifest.xml:29:13-60
114            android:theme="@style/Theme.AppCompat.Light.NoActionBar" />
114-->[:react-native-image-crop-picker] AndroidManifest.xml:30:13-69
115
116        <provider
116-->[:rn-fetch-blob] AndroidManifest.xml:34:9-42:20
117            android:name="com.RNFetchBlob.Utils.FileProvider"
117-->[:rn-fetch-blob] AndroidManifest.xml:35:13-62
118            android:authorities="com.thentr.provider"
118-->[:rn-fetch-blob] AndroidManifest.xml:36:13-60
119            android:exported="false"
119-->[:rn-fetch-blob] AndroidManifest.xml:37:13-37
120            android:grantUriPermissions="true" >
120-->[:rn-fetch-blob] AndroidManifest.xml:38:13-47
121            <meta-data
121-->[:react-native-image-crop-picker] AndroidManifest.xml:23:13-25:58
122                android:name="android.support.FILE_PROVIDER_PATHS"
122-->[:react-native-image-crop-picker] AndroidManifest.xml:24:17-67
123                android:resource="@xml/provider_paths" />
123-->[:react-native-image-crop-picker] AndroidManifest.xml:25:17-55
124        </provider>
125        <provider
125-->[androidx.work:work-runtime:2.5.0] AndroidManifest.xml:31:9-37:35
126            android:name="androidx.work.impl.WorkManagerInitializer"
126-->[androidx.work:work-runtime:2.5.0] AndroidManifest.xml:32:13-69
127            android:authorities="com.thentr.workmanager-init"
127-->[androidx.work:work-runtime:2.5.0] AndroidManifest.xml:33:13-68
128            android:directBootAware="false"
128-->[androidx.work:work-runtime:2.5.0] AndroidManifest.xml:34:13-44
129            android:exported="false"
129-->[androidx.work:work-runtime:2.5.0] AndroidManifest.xml:35:13-37
130            android:multiprocess="true" />
130-->[androidx.work:work-runtime:2.5.0] AndroidManifest.xml:36:13-40
131
132        <service
132-->[androidx.work:work-runtime:2.5.0] AndroidManifest.xml:39:9-44:35
133            android:name="androidx.work.impl.background.systemalarm.SystemAlarmService"
133-->[androidx.work:work-runtime:2.5.0] AndroidManifest.xml:40:13-88
134            android:directBootAware="false"
134-->[androidx.work:work-runtime:2.5.0] AndroidManifest.xml:41:13-44
135            android:enabled="@bool/enable_system_alarm_service_default"
135-->[androidx.work:work-runtime:2.5.0] AndroidManifest.xml:42:13-72
136            android:exported="false" />
136-->[androidx.work:work-runtime:2.5.0] AndroidManifest.xml:43:13-37
137        <service
137-->[androidx.work:work-runtime:2.5.0] AndroidManifest.xml:45:9-51:35
138            android:name="androidx.work.impl.background.systemjob.SystemJobService"
138-->[androidx.work:work-runtime:2.5.0] AndroidManifest.xml:46:13-84
139            android:directBootAware="false"
139-->[androidx.work:work-runtime:2.5.0] AndroidManifest.xml:47:13-44
140            android:enabled="@bool/enable_system_job_service_default"
140-->[androidx.work:work-runtime:2.5.0] AndroidManifest.xml:48:13-70
141            android:exported="true"
141-->[androidx.work:work-runtime:2.5.0] AndroidManifest.xml:49:13-36
142            android:permission="android.permission.BIND_JOB_SERVICE" />
142-->[androidx.work:work-runtime:2.5.0] AndroidManifest.xml:50:13-69
143        <service
143-->[androidx.work:work-runtime:2.5.0] AndroidManifest.xml:52:9-57:35
144            android:name="androidx.work.impl.foreground.SystemForegroundService"
144-->[androidx.work:work-runtime:2.5.0] AndroidManifest.xml:53:13-81
145            android:directBootAware="false"
145-->[androidx.work:work-runtime:2.5.0] AndroidManifest.xml:54:13-44
146            android:enabled="@bool/enable_system_foreground_service_default"
146-->[androidx.work:work-runtime:2.5.0] AndroidManifest.xml:55:13-77
147            android:exported="false" />
147-->[androidx.work:work-runtime:2.5.0] AndroidManifest.xml:56:13-37
148
149        <receiver
149-->[androidx.work:work-runtime:2.5.0] AndroidManifest.xml:59:9-64:35
150            android:name="androidx.work.impl.utils.ForceStopRunnable$BroadcastReceiver"
150-->[androidx.work:work-runtime:2.5.0] AndroidManifest.xml:60:13-88
151            android:directBootAware="false"
151-->[androidx.work:work-runtime:2.5.0] AndroidManifest.xml:61:13-44
152            android:enabled="true"
152-->[androidx.work:work-runtime:2.5.0] AndroidManifest.xml:62:13-35
153            android:exported="false" />
153-->[androidx.work:work-runtime:2.5.0] AndroidManifest.xml:63:13-37
154        <receiver
154-->[androidx.work:work-runtime:2.5.0] AndroidManifest.xml:65:9-75:20
155            android:name="androidx.work.impl.background.systemalarm.ConstraintProxy$BatteryChargingProxy"
155-->[androidx.work:work-runtime:2.5.0] AndroidManifest.xml:66:13-106
156            android:directBootAware="false"
156-->[androidx.work:work-runtime:2.5.0] AndroidManifest.xml:67:13-44
157            android:enabled="false"
157-->[androidx.work:work-runtime:2.5.0] AndroidManifest.xml:68:13-36
158            android:exported="false" >
158-->[androidx.work:work-runtime:2.5.0] AndroidManifest.xml:69:13-37
159            <intent-filter>
159-->[androidx.work:work-runtime:2.5.0] AndroidManifest.xml:71:13-74:29
160                <action android:name="android.intent.action.ACTION_POWER_CONNECTED" />
160-->[androidx.work:work-runtime:2.5.0] AndroidManifest.xml:72:17-87
160-->[androidx.work:work-runtime:2.5.0] AndroidManifest.xml:72:25-84
161                <action android:name="android.intent.action.ACTION_POWER_DISCONNECTED" />
161-->[androidx.work:work-runtime:2.5.0] AndroidManifest.xml:73:17-90
161-->[androidx.work:work-runtime:2.5.0] AndroidManifest.xml:73:25-87
162            </intent-filter>
163        </receiver>
164        <receiver
164-->[androidx.work:work-runtime:2.5.0] AndroidManifest.xml:76:9-86:20
165            android:name="androidx.work.impl.background.systemalarm.ConstraintProxy$BatteryNotLowProxy"
165-->[androidx.work:work-runtime:2.5.0] AndroidManifest.xml:77:13-104
166            android:directBootAware="false"
166-->[androidx.work:work-runtime:2.5.0] AndroidManifest.xml:78:13-44
167            android:enabled="false"
167-->[androidx.work:work-runtime:2.5.0] AndroidManifest.xml:79:13-36
168            android:exported="false" >
168-->[androidx.work:work-runtime:2.5.0] AndroidManifest.xml:80:13-37
169            <intent-filter>
169-->[androidx.work:work-runtime:2.5.0] AndroidManifest.xml:82:13-85:29
170                <action android:name="android.intent.action.BATTERY_OKAY" />
170-->[androidx.work:work-runtime:2.5.0] AndroidManifest.xml:83:17-77
170-->[androidx.work:work-runtime:2.5.0] AndroidManifest.xml:83:25-74
171                <action android:name="android.intent.action.BATTERY_LOW" />
171-->[androidx.work:work-runtime:2.5.0] AndroidManifest.xml:84:17-76
171-->[androidx.work:work-runtime:2.5.0] AndroidManifest.xml:84:25-73
172            </intent-filter>
173        </receiver>
174        <receiver
174-->[androidx.work:work-runtime:2.5.0] AndroidManifest.xml:87:9-97:20
175            android:name="androidx.work.impl.background.systemalarm.ConstraintProxy$StorageNotLowProxy"
175-->[androidx.work:work-runtime:2.5.0] AndroidManifest.xml:88:13-104
176            android:directBootAware="false"
176-->[androidx.work:work-runtime:2.5.0] AndroidManifest.xml:89:13-44
177            android:enabled="false"
177-->[androidx.work:work-runtime:2.5.0] AndroidManifest.xml:90:13-36
178            android:exported="false" >
178-->[androidx.work:work-runtime:2.5.0] AndroidManifest.xml:91:13-37
179            <intent-filter>
179-->[androidx.work:work-runtime:2.5.0] AndroidManifest.xml:93:13-96:29
180                <action android:name="android.intent.action.DEVICE_STORAGE_LOW" />
180-->[androidx.work:work-runtime:2.5.0] AndroidManifest.xml:94:17-83
180-->[androidx.work:work-runtime:2.5.0] AndroidManifest.xml:94:25-80
181                <action android:name="android.intent.action.DEVICE_STORAGE_OK" />
181-->[androidx.work:work-runtime:2.5.0] AndroidManifest.xml:95:17-82
181-->[androidx.work:work-runtime:2.5.0] AndroidManifest.xml:95:25-79
182            </intent-filter>
183        </receiver>
184        <receiver
184-->[androidx.work:work-runtime:2.5.0] AndroidManifest.xml:98:9-107:20
185            android:name="androidx.work.impl.background.systemalarm.ConstraintProxy$NetworkStateProxy"
185-->[androidx.work:work-runtime:2.5.0] AndroidManifest.xml:99:13-103
186            android:directBootAware="false"
186-->[androidx.work:work-runtime:2.5.0] AndroidManifest.xml:100:13-44
187            android:enabled="false"
187-->[androidx.work:work-runtime:2.5.0] AndroidManifest.xml:101:13-36
188            android:exported="false" >
188-->[androidx.work:work-runtime:2.5.0] AndroidManifest.xml:102:13-37
189            <intent-filter>
189-->[androidx.work:work-runtime:2.5.0] AndroidManifest.xml:104:13-106:29
190                <action android:name="android.net.conn.CONNECTIVITY_CHANGE" />
190-->[androidx.work:work-runtime:2.5.0] AndroidManifest.xml:105:17-79
190-->[androidx.work:work-runtime:2.5.0] AndroidManifest.xml:105:25-76
191            </intent-filter>
192        </receiver>
193        <receiver
193-->[androidx.work:work-runtime:2.5.0] AndroidManifest.xml:108:9-119:20
194            android:name="androidx.work.impl.background.systemalarm.RescheduleReceiver"
194-->[androidx.work:work-runtime:2.5.0] AndroidManifest.xml:109:13-88
195            android:directBootAware="false"
195-->[androidx.work:work-runtime:2.5.0] AndroidManifest.xml:110:13-44
196            android:enabled="false"
196-->[androidx.work:work-runtime:2.5.0] AndroidManifest.xml:111:13-36
197            android:exported="false" >
197-->[androidx.work:work-runtime:2.5.0] AndroidManifest.xml:112:13-37
198            <intent-filter>
198-->[androidx.work:work-runtime:2.5.0] AndroidManifest.xml:114:13-118:29
199                <action android:name="android.intent.action.BOOT_COMPLETED" />
199-->[androidx.work:work-runtime:2.5.0] AndroidManifest.xml:115:17-79
199-->[androidx.work:work-runtime:2.5.0] AndroidManifest.xml:115:25-76
200                <action android:name="android.intent.action.TIME_SET" />
200-->[androidx.work:work-runtime:2.5.0] AndroidManifest.xml:116:17-73
200-->[androidx.work:work-runtime:2.5.0] AndroidManifest.xml:116:25-70
201                <action android:name="android.intent.action.TIMEZONE_CHANGED" />
201-->[androidx.work:work-runtime:2.5.0] AndroidManifest.xml:117:17-81
201-->[androidx.work:work-runtime:2.5.0] AndroidManifest.xml:117:25-78
202            </intent-filter>
203        </receiver>
204        <receiver
204-->[androidx.work:work-runtime:2.5.0] AndroidManifest.xml:120:9-129:20
205            android:name="androidx.work.impl.background.systemalarm.ConstraintProxyUpdateReceiver"
205-->[androidx.work:work-runtime:2.5.0] AndroidManifest.xml:121:13-99
206            android:directBootAware="false"
206-->[androidx.work:work-runtime:2.5.0] AndroidManifest.xml:122:13-44
207            android:enabled="@bool/enable_system_alarm_service_default"
207-->[androidx.work:work-runtime:2.5.0] AndroidManifest.xml:123:13-72
208            android:exported="false" >
208-->[androidx.work:work-runtime:2.5.0] AndroidManifest.xml:124:13-37
209            <intent-filter>
209-->[androidx.work:work-runtime:2.5.0] AndroidManifest.xml:126:13-128:29
210                <action android:name="androidx.work.impl.background.systemalarm.UpdateProxies" />
210-->[androidx.work:work-runtime:2.5.0] AndroidManifest.xml:127:17-98
210-->[androidx.work:work-runtime:2.5.0] AndroidManifest.xml:127:25-95
211            </intent-filter>
212        </receiver>
213        <receiver
213-->[androidx.work:work-runtime:2.5.0] AndroidManifest.xml:130:9-140:20
214            android:name="androidx.work.impl.diagnostics.DiagnosticsReceiver"
214-->[androidx.work:work-runtime:2.5.0] AndroidManifest.xml:131:13-78
215            android:directBootAware="false"
215-->[androidx.work:work-runtime:2.5.0] AndroidManifest.xml:132:13-44
216            android:enabled="true"
216-->[androidx.work:work-runtime:2.5.0] AndroidManifest.xml:133:13-35
217            android:exported="true"
217-->[androidx.work:work-runtime:2.5.0] AndroidManifest.xml:134:13-36
218            android:permission="android.permission.DUMP" >
218-->[androidx.work:work-runtime:2.5.0] AndroidManifest.xml:135:13-57
219            <intent-filter>
219-->[androidx.work:work-runtime:2.5.0] AndroidManifest.xml:137:13-139:29
220                <action android:name="androidx.work.diagnostics.REQUEST_DIAGNOSTICS" />
220-->[androidx.work:work-runtime:2.5.0] AndroidManifest.xml:138:17-88
220-->[androidx.work:work-runtime:2.5.0] AndroidManifest.xml:138:25-85
221            </intent-filter>
222        </receiver>
223
224        <service
224-->[androidx.room:room-runtime:2.2.5] AndroidManifest.xml:25:9-28:40
225            android:name="androidx.room.MultiInstanceInvalidationService"
225-->[androidx.room:room-runtime:2.2.5] AndroidManifest.xml:26:13-74
226            android:directBootAware="true"
226-->[androidx.room:room-runtime:2.2.5] AndroidManifest.xml:27:13-43
227            android:exported="false" />
227-->[androidx.room:room-runtime:2.2.5] AndroidManifest.xml:28:13-37
228
229        <activity
229-->[com.google.android.gms:play-services-auth:20.1.0] AndroidManifest.xml:23:9-27:75
230            android:name="com.google.android.gms.auth.api.signin.internal.SignInHubActivity"
230-->[com.google.android.gms:play-services-auth:20.1.0] AndroidManifest.xml:24:13-93
231            android:excludeFromRecents="true"
231-->[com.google.android.gms:play-services-auth:20.1.0] AndroidManifest.xml:25:13-46
232            android:exported="false"
232-->[com.google.android.gms:play-services-auth:20.1.0] AndroidManifest.xml:26:13-37
233            android:theme="@android:style/Theme.Translucent.NoTitleBar" />
233-->[com.google.android.gms:play-services-auth:20.1.0] AndroidManifest.xml:27:13-72
234        <!--
235            Service handling Google Sign-In user revocation. For apps that do not integrate with
236            Google Sign-In, this service will never be started.
237        -->
238        <service
238-->[com.google.android.gms:play-services-auth:20.1.0] AndroidManifest.xml:33:9-37:51
239            android:name="com.google.android.gms.auth.api.signin.RevocationBoundService"
239-->[com.google.android.gms:play-services-auth:20.1.0] AndroidManifest.xml:34:13-89
240            android:exported="true"
240-->[com.google.android.gms:play-services-auth:20.1.0] AndroidManifest.xml:35:13-36
241            android:permission="com.google.android.gms.auth.api.signin.permission.REVOCATION_NOTIFICATION"
241-->[com.google.android.gms:play-services-auth:20.1.0] AndroidManifest.xml:36:13-107
242            android:visibleToInstantApps="true" />
242-->[com.google.android.gms:play-services-auth:20.1.0] AndroidManifest.xml:37:13-48
243
244        <activity
244-->[com.google.android.gms:play-services-base:18.0.1] AndroidManifest.xml:20:9-22:45
245            android:name="com.google.android.gms.common.api.GoogleApiActivity"
245-->[com.google.android.gms:play-services-base:18.0.1] AndroidManifest.xml:20:19-85
246            android:exported="false"
246-->[com.google.android.gms:play-services-base:18.0.1] AndroidManifest.xml:22:19-43
247            android:theme="@android:style/Theme.Translucent.NoTitleBar" />
247-->[com.google.android.gms:play-services-base:18.0.1] AndroidManifest.xml:21:19-78
248
249        <provider
249-->[com.google.firebase:firebase-common:20.0.0] AndroidManifest.xml:26:9-31:39
250            android:name="com.google.firebase.provider.FirebaseInitProvider"
250-->[com.google.firebase:firebase-common:20.0.0] AndroidManifest.xml:27:13-77
251            android:authorities="com.thentr.firebaseinitprovider"
251-->[com.google.firebase:firebase-common:20.0.0] AndroidManifest.xml:28:13-72
252            android:directBootAware="true"
252-->[com.google.firebase:firebase-common:20.0.0] AndroidManifest.xml:29:13-43
253            android:exported="false"
253-->[com.google.firebase:firebase-common:20.0.0] AndroidManifest.xml:30:13-37
254            android:initOrder="100" />
254-->[com.google.firebase:firebase-common:20.0.0] AndroidManifest.xml:31:13-36
255
256        <meta-data
256-->[com.google.android.gms:play-services-basement:18.0.0] AndroidManifest.xml:21:9-23:69
257            android:name="com.google.android.gms.version"
257-->[com.google.android.gms:play-services-basement:18.0.0] AndroidManifest.xml:22:13-58
258            android:value="@integer/google_play_services_version" />
258-->[com.google.android.gms:play-services-basement:18.0.0] AndroidManifest.xml:23:13-66
259    </application>
260
261</manifest>